<?xml version="1.0" encoding="UTF-8"?>
<!-- Generated by org.testng.reporters.JUnitReportReporter -->
<testsuite hostname="DESKTOP-G6R77JR" failures="0" tests="2" name="TestScript.CreateAnAccountPageTest" time="35.148" errors="0" timestamp="2022-08-24T18:31:11 IST" skipped="0">
  <testcase classname="TestScript.CreateAnAccountPageTest" name="verifyCreateAccount" time="18.687"/>
  <system-out/>
  <testcase classname="TestScript.CreateAnAccountPageTest" name="testLoginPage" time="16.461"/>
  <system-out/>
</testsuite> <!-- TestScript.CreateAnAccountPageTest -->
