<?xml version="1.0" encoding="UTF-8"?>
<!-- Generated by org.testng.reporters.JUnitReportReporter -->
<testsuite hostname="DESKTOP-G6R77JR" failures="0" tests="1" name="TestScript.ShippingPageTest" time="29.864" errors="0" timestamp="2022-09-05T20:25:37 IST" skipped="0">
  <testcase classname="TestScript.ShippingPageTest" name="verifyShippingPage" time="29.864"/>
  <system-out/>
</testsuite> <!-- TestScript.ShippingPageTest -->
