<?xml version="1.0" encoding="UTF-8"?>
<!-- Generated by org.testng.reporters.JUnitReportReporter -->
<testsuite hostname="DESKTOP-G6R77JR" failures="0" tests="2" name="TestScript.HomePageTest" time="36.457" errors="0" timestamp="2022-09-05T20:25:37 IST" skipped="0">
  <testcase classname="TestScript.HomePageTest" name="verifyClickOnSignBtn" time="26.459"/>
  <system-out/>
  <testcase classname="TestScript.HomePageTest" name="verifyClickOnTshirtMenu" time="9.998"/>
  <system-out/>
</testsuite> <!-- TestScript.HomePageTest -->
