<?xml version="1.0" encoding="UTF-8"?>
<!-- Generated by org.testng.reporters.JUnitReportReporter -->
<testsuite hostname="DESKTOP-G6R77JR" failures="0" tests="1" name="TestScript.SignInPageTest" time="22.038" errors="0" timestamp="2022-09-05T20:25:37 IST" skipped="0">
  <testcase classname="TestScript.SignInPageTest" name="verifySignInPageTest" time="22.038"/>
  <system-out/>
</testsuite> <!-- TestScript.SignInPageTest -->
