<?xml version="1.0" encoding="UTF-8"?>
<!-- Generated by org.testng.reporters.JUnitReportReporter -->
<testsuite hostname="DESKTOP-G6R77JR" failures="0" tests="3" name="TestScript.CatalogPageTest" time="48.669" errors="0" timestamp="2022-09-05T20:25:37 IST" skipped="0">
  <testcase classname="TestScript.CatalogPageTest" name="verifyClickOnTshirt" time="13.894"/>
  <system-out/>
  <testcase classname="TestScript.CatalogPageTest" name="verifyClickOnAddToCartBtn" time="17.011"/>
  <system-out/>
  <testcase classname="TestScript.CatalogPageTest" name="verifyProceedToCheckOutBtn" time="17.764"/>
  <system-out/>
</testsuite> <!-- TestScript.CatalogPageTest -->
