<?xml version="1.0" encoding="UTF-8"?>
<!-- Generated by org.testng.reporters.JUnitReportReporter -->
<testsuite hostname="DESKTOP-G6R77JR" failures="0" tests="2" name="TestScript.LoginPageTest" time="26.943" errors="0" timestamp="2022-09-05T20:25:37 IST" skipped="0">
  <testcase classname="TestScript.LoginPageTest" name="verifyCreateAccount" time="12.538"/>
  <system-out/>
  <testcase classname="TestScript.LoginPageTest" name="verifyLoginPage" time="14.405"/>
  <system-out/>
</testsuite> <!-- TestScript.LoginPageTest -->
