<?xml version="1.0" encoding="UTF-8"?>
<!-- Generated by org.testng.reporters.JUnitReportReporter -->
<testsuite hostname="DESKTOP-G6R77JR" failures="0" tests="1" name="TestScript.PaymentPageTest" time="33.044" errors="0" timestamp="2022-09-05T20:25:37 IST" skipped="0">
  <testcase classname="TestScript.PaymentPageTest" name="verifypaymentPage" time="33.044"/>
  <system-out/>
</testsuite> <!-- TestScript.PaymentPageTest -->
